<?xml version="1.0" encoding="UTF-8"?>
<testsuite xmlns:xsi="http://www.w3.org/2001/XMLSchema-instance" xsi:noNamespaceSchemaLocation="https://maven.apache.org/surefire/maven-surefire-plugin/xsd/surefire-test-report-3.0.xsd" version="3.0" name="junit5Basic.mathUtilTest" time="28.455" tests="48" errors="0" skipped="0" failures="1">
  <properties>
    <property name="sun.desktop" value="windows"/>
    <property name="awt.toolkit" value="sun.awt.windows.WToolkit"/>
    <property name="java.specification.version" value="12"/>
    <property name="sun.cpu.isalist" value="amd64"/>
    <property name="sun.jnu.encoding" value="Cp1252"/>
    <property name="java.class.path" value="D:\SitProsWork\eclipse stuff\target\test-classes;D:\SitProsWork\eclipse stuff\target\classes;C:\Users\SS MULTI SERVICES\.m2\repository\org\junit\jupiter\junit-jupiter-engine\5.5.2\junit-jupiter-engine-5.5.2.jar;C:\Users\SS MULTI SERVICES\.m2\repository\org\apiguardian\apiguardian-api\1.1.0\apiguardian-api-1.1.0.jar;C:\Users\SS MULTI SERVICES\.m2\repository\org\junit\platform\junit-platform-engine\1.5.2\junit-platform-engine-1.5.2.jar;C:\Users\SS MULTI SERVICES\.m2\repository\org\junit\jupiter\junit-jupiter-api\5.5.2\junit-jupiter-api-5.5.2.jar;C:\Users\SS MULTI SERVICES\.m2\repository\org\opentest4j\opentest4j\1.2.0\opentest4j-1.2.0.jar;C:\Users\SS MULTI SERVICES\.m2\repository\org\junit\platform\junit-platform-commons\1.5.2\junit-platform-commons-1.5.2.jar;C:\Users\SS MULTI SERVICES\.m2\repository\io\rest-assured\rest-assured\3.1.0\rest-assured-3.1.0.jar;C:\Users\SS MULTI SERVICES\.m2\repository\org\codehaus\groovy\groovy\2.4.12\groovy-2.4.12.jar;C:\Users\SS MULTI SERVICES\.m2\repository\org\codehaus\groovy\groovy-xml\2.4.12\groovy-xml-2.4.12.jar;C:\Users\SS MULTI SERVICES\.m2\repository\org\apache\httpcomponents\httpclient\4.5.3\httpclient-4.5.3.jar;C:\Users\SS MULTI SERVICES\.m2\repository\org\apache\httpcomponents\httpcore\4.4.6\httpcore-4.4.6.jar;C:\Users\SS MULTI SERVICES\.m2\repository\commons-logging\commons-logging\1.2\commons-logging-1.2.jar;C:\Users\SS MULTI SERVICES\.m2\repository\commons-codec\commons-codec\1.9\commons-codec-1.9.jar;C:\Users\SS MULTI SERVICES\.m2\repository\org\apache\httpcomponents\httpmime\4.5.1\httpmime-4.5.1.jar;C:\Users\SS MULTI SERVICES\.m2\repository\org\hamcrest\hamcrest-core\1.3\hamcrest-core-1.3.jar;C:\Users\SS MULTI SERVICES\.m2\repository\org\hamcrest\hamcrest-library\1.3\hamcrest-library-1.3.jar;C:\Users\SS MULTI SERVICES\.m2\repository\org\ccil\cowan\tagsoup\tagsoup\1.2.1\tagsoup-1.2.1.jar;C:\Users\SS MULTI SERVICES\.m2\repository\io\rest-assured\json-path\3.1.0\json-path-3.1.0.jar;C:\Users\SS MULTI SERVICES\.m2\repository\org\codehaus\groovy\groovy-json\2.4.12\groovy-json-2.4.12.jar;C:\Users\SS MULTI SERVICES\.m2\repository\io\rest-assured\rest-assured-common\3.1.0\rest-assured-common-3.1.0.jar;C:\Users\SS MULTI SERVICES\.m2\repository\io\rest-assured\xml-path\3.1.0\xml-path-3.1.0.jar;C:\Users\SS MULTI SERVICES\.m2\repository\org\apache\commons\commons-lang3\3.4\commons-lang3-3.4.jar;C:\Users\SS MULTI SERVICES\.m2\repository\javax\xml\bind\jaxb-api\2.2.12\jaxb-api-2.2.12.jar;"/>
    <property name="java.vm.vendor" value="Oracle Corporation"/>
    <property name="sun.arch.data.model" value="64"/>
    <property name="user.variant" value=""/>
    <property name="java.vendor.url" value="https://java.oracle.com/"/>
    <property name="user.timezone" value="Asia/Karachi"/>
    <property name="os.name" value="Windows 10"/>
    <property name="java.vm.specification.version" value="12"/>
    <property name="sun.java.launcher" value="SUN_STANDARD"/>
    <property name="user.country" value="US"/>
    <property name="sun.boot.library.path" value="C:\Program Files\Java\jdk-12.0.1\bin"/>
    <property name="sun.java.command" value="C:\Users\SS MULTI SERVICES\AppData\Local\Temp\surefire5761101024169584568\surefirebooter1970268577273515552.jar C:\Users\SS MULTI SERVICES\AppData\Local\Temp\surefire5761101024169584568 2019-11-07T17-06-05_870-jvmRun1 surefire8300841816746357046tmp surefire_0374138889826792159tmp"/>
    <property name="jdk.debug" value="release"/>
    <property name="surefire.test.class.path" value="D:\SitProsWork\eclipse stuff\target\test-classes;D:\SitProsWork\eclipse stuff\target\classes;C:\Users\SS MULTI SERVICES\.m2\repository\org\junit\jupiter\junit-jupiter-engine\5.5.2\junit-jupiter-engine-5.5.2.jar;C:\Users\SS MULTI SERVICES\.m2\repository\org\apiguardian\apiguardian-api\1.1.0\apiguardian-api-1.1.0.jar;C:\Users\SS MULTI SERVICES\.m2\repository\org\junit\platform\junit-platform-engine\1.5.2\junit-platform-engine-1.5.2.jar;C:\Users\SS MULTI SERVICES\.m2\repository\org\junit\jupiter\junit-jupiter-api\5.5.2\junit-jupiter-api-5.5.2.jar;C:\Users\SS MULTI SERVICES\.m2\repository\org\opentest4j\opentest4j\1.2.0\opentest4j-1.2.0.jar;C:\Users\SS MULTI SERVICES\.m2\repository\org\junit\platform\junit-platform-commons\1.5.2\junit-platform-commons-1.5.2.jar;C:\Users\SS MULTI SERVICES\.m2\repository\io\rest-assured\rest-assured\3.1.0\rest-assured-3.1.0.jar;C:\Users\SS MULTI SERVICES\.m2\repository\org\codehaus\groovy\groovy\2.4.12\groovy-2.4.12.jar;C:\Users\SS MULTI SERVICES\.m2\repository\org\codehaus\groovy\groovy-xml\2.4.12\groovy-xml-2.4.12.jar;C:\Users\SS MULTI SERVICES\.m2\repository\org\apache\httpcomponents\httpclient\4.5.3\httpclient-4.5.3.jar;C:\Users\SS MULTI SERVICES\.m2\repository\org\apache\httpcomponents\httpcore\4.4.6\httpcore-4.4.6.jar;C:\Users\SS MULTI SERVICES\.m2\repository\commons-logging\commons-logging\1.2\commons-logging-1.2.jar;C:\Users\SS MULTI SERVICES\.m2\repository\commons-codec\commons-codec\1.9\commons-codec-1.9.jar;C:\Users\SS MULTI SERVICES\.m2\repository\org\apache\httpcomponents\httpmime\4.5.1\httpmime-4.5.1.jar;C:\Users\SS MULTI SERVICES\.m2\repository\org\hamcrest\hamcrest-core\1.3\hamcrest-core-1.3.jar;C:\Users\SS MULTI SERVICES\.m2\repository\org\hamcrest\hamcrest-library\1.3\hamcrest-library-1.3.jar;C:\Users\SS MULTI SERVICES\.m2\repository\org\ccil\cowan\tagsoup\tagsoup\1.2.1\tagsoup-1.2.1.jar;C:\Users\SS MULTI SERVICES\.m2\repository\io\rest-assured\json-path\3.1.0\json-path-3.1.0.jar;C:\Users\SS MULTI SERVICES\.m2\repository\org\codehaus\groovy\groovy-json\2.4.12\groovy-json-2.4.12.jar;C:\Users\SS MULTI SERVICES\.m2\repository\io\rest-assured\rest-assured-common\3.1.0\rest-assured-common-3.1.0.jar;C:\Users\SS MULTI SERVICES\.m2\repository\io\rest-assured\xml-path\3.1.0\xml-path-3.1.0.jar;C:\Users\SS MULTI SERVICES\.m2\repository\org\apache\commons\commons-lang3\3.4\commons-lang3-3.4.jar;C:\Users\SS MULTI SERVICES\.m2\repository\javax\xml\bind\jaxb-api\2.2.12\jaxb-api-2.2.12.jar;"/>
    <property name="sun.cpu.endian" value="little"/>
    <property name="user.home" value="C:\Users\SS MULTI SERVICES"/>
    <property name="user.language" value="en"/>
    <property name="java.specification.vendor" value="Oracle Corporation"/>
    <property name="java.version.date" value="2019-04-16"/>
    <property name="java.home" value="C:\Program Files\Java\jdk-12.0.1"/>
    <property name="file.separator" value="\"/>
    <property name="basedir" value="D:\SitProsWork\eclipse stuff"/>
    <property name="java.vm.compressedOopsMode" value="32-bit"/>
    <property name="line.separator" value="&#10;"/>
    <property name="java.vm.specification.vendor" value="Oracle Corporation"/>
    <property name="java.specification.name" value="Java Platform API Specification"/>
    <property name="java.awt.graphicsenv" value="sun.awt.Win32GraphicsEnvironment"/>
    <property name="surefire.real.class.path" value="C:\Users\SS MULTI SERVICES\AppData\Local\Temp\surefire5761101024169584568\surefirebooter1970268577273515552.jar"/>
    <property name="user.script" value=""/>
    <property name="sun.management.compiler" value="HotSpot 64-Bit Tiered Compilers"/>
    <property name="java.runtime.version" value="12.0.1+12"/>
    <property name="user.name" value="SS MULTI SERVICES"/>
    <property name="path.separator" value=";"/>
    <property name="os.version" value="10.0"/>
    <property name="java.runtime.name" value="Java(TM) SE Runtime Environment"/>
    <property name="file.encoding" value="Cp1252"/>
    <property name="java.vm.name" value="Java HotSpot(TM) 64-Bit Server VM"/>
    <property name="localRepository" value="C:\Users\SS MULTI SERVICES\.m2\repository"/>
    <property name="java.vendor.url.bug" value="https://bugreport.java.com/bugreport/"/>
    <property name="java.io.tmpdir" value="C:\Users\SSMULT~1\AppData\Local\Temp\"/>
    <property name="java.version" value="12.0.1"/>
    <property name="user.dir" value="D:\SitProsWork\eclipse stuff"/>
    <property name="os.arch" value="amd64"/>
    <property name="java.vm.specification.name" value="Java Virtual Machine Specification"/>
    <property name="sun.os.patch.level" value=""/>
    <property name="java.library.path" value="C:\Program Files\Java\jdk-12.0.1\bin;C:\WINDOWS\Sun\Java\bin;C:\WINDOWS\system32;C:\WINDOWS;C:\Windows\System32\config\systemprofile\.gradle\caches;C:\WINDOWS\system32;C:\WINDOWS;C:\WINDOWS\System32\Wbem;C:\WINDOWS\System32\WindowsPowerShell\v1.0\;C:\Program Files\PuTTY\;C:\Program Files\Microsoft SQL Server\Client SDK\ODBC\130\Tools\Binn\;C:\Program Files (x86)\Microsoft SQL Server\130\Tools\Binn\;C:\Program Files\Microsoft SQL Server\130\Tools\Binn\;C:\Program Files\Microsoft SQL Server\130\DTS\Binn\;C:\Program Files (x86)\Microsoft SQL Server\Client SDK\ODBC\130\Tools\Binn\;C:\Program Files (x86)\Microsoft SQL Server\130\DTS\Binn\;C:\Program Files (x86)\Microsoft SQL Server\130\Tools\Binn\ManagementStudio\;C:\WINDOWS\System32\OpenSSH\;C:\Program Files\nodejs\;C:\Program Files\Java\jdk-12.0.1\bin;C:\Program Files\Java\jdk-12.0.1\lib;C:\Users\SS MULTI SERVICES\AppData\Local\Android\Sdk\platform-tools;C:\Users\SS MULTI SERVICES\AppData\Local\Android\Sdk\tools;C:\Users\SS MULTI SERVICES\AppData\Local\Android\Sdk\build-tools;C:\Program Files\Git\cmd;%Gradle_HOME%;C:\gradle-cache;C:\ProgramData\chocolatey\lib\maven\apache-maven-3.6.1\bin;C:\apache-maven-3.6.1\bin;C:\Program Files\dotnet\;C:\Program Files\Microsoft SQL Server\Client SDK\ODBC\170\Tools\Binn\;C:\ProgramData\chocolatey\bin;C:\Users\SS MULTI SERVICES\AppData\Local\Microsoft\WindowsApps;C:\Users\SS MULTI SERVICES\AppData\Roaming\npm;C:\Users\SS MULTI SERVICES\AppData\Local\Programs\Microsoft VS Code\bin;C:\Users\SS MULTI SERVICES\AppData\Local\GitHubDesktop\bin;%USERPROFILE%\AppData\Local\Microsoft\WindowsApps;;."/>
    <property name="java.vm.info" value="mixed mode, sharing"/>
    <property name="java.vendor" value="Oracle Corporation"/>
    <property name="java.vm.version" value="12.0.1+12"/>
    <property name="sun.io.unicode.encoding" value="UnicodeLittle"/>
    <property name="java.class.version" value="56.0"/>
  </properties>
  <testcase name="postDigitalbank_API_TokenLogIn" classname="junit5Basic.mathUtilTest$Token" time="2.304"/>
  <testcase name="postDigitalbank_API_ValidateOTP" classname="junit5Basic.mathUtilTest$Token" time="1.031"/>
  <testcase name="postDigitalbank_Admin_User" classname="junit5Basic.mathUtilTest$User" time="0.46"/>
  <testcase name="postDigitalbank_Admin_User_GetID_807" classname="junit5Basic.mathUtilTest$User" time="0.331"/>
  <testcase name="postDigitalbank_Customer_Transactions_GetID_2475" classname="junit5Basic.mathUtilTest$Transaction" time="0.336"/>
  <testcase name="postDigitalbank_Customer_Transactions" classname="junit5Basic.mathUtilTest$Transaction" time="1"/>
  <testcase name="postDigitalbank_Customer_Transactions_AccountDropdown" classname="junit5Basic.mathUtilTest$Transaction" time="0.729"/>
  <testcase name="postDigitalbank_Admin_Transactions" classname="junit5Basic.mathUtilTest$Transaction" time="1.584"/>
  <testcase name="postDigitalbank_Admin_Transactions_GetID_2475" classname="junit5Basic.mathUtilTest$Transaction" time="0.392"/>
  <testcase name="postDigitalbank_Customer_Transactions_SAVE" classname="junit5Basic.mathUtilTest$Transaction" time="0.324"/>
  <testcase name="postDigitalbank_Admin_StandingInstruction" classname="junit5Basic.mathUtilTest$StandingInstruction" time="0.932"/>
  <testcase name="postDigitalbank_Customer_StandingInstruction" classname="junit5Basic.mathUtilTest$StandingInstruction" time="0.536"/>
  <testcase name="postDigitalbank_Admin_StandingInstruction_GetID_6" classname="junit5Basic.mathUtilTest$StandingInstruction" time="0.404"/>
  <testcase name="postDigitalbank_Customer_StandingInstruction_SAVE" classname="junit5Basic.mathUtilTest$StandingInstruction" time="0.42"/>
  <testcase name="postDigitalbank_Customer_StandingInstruction_Authorise" classname="junit5Basic.mathUtilTest$StandingInstruction" time="0.416"/>
  <testcase name="postDigitalbank_Customer_StandingInstruction_GetID_6" classname="junit5Basic.mathUtilTest$StandingInstruction" time="0.368"/>
  <testcase name="postDigitalbank_Customer_StandingInstruction_Dropdown" classname="junit5Basic.mathUtilTest$StandingInstruction" time="0.393"/>
  <testcase name="postDigitalbank_Customer_ServiceRequest_AuditYearDropdown" classname="junit5Basic.mathUtilTest$ServiceRequest" time="0.328"/>
  <testcase name="postDigitalbank_Customer_ServiceRequest_SAVE" classname="junit5Basic.mathUtilTest$ServiceRequest" time="0.315"/>
  <testcase name="postDigitalbank_Customer_ServiceRequest_DurationDropdown" classname="junit5Basic.mathUtilTest$ServiceRequest" time="0.421"/>
  <testcase name="postDigitalbank_Customer_ServiceRequest_GETid_335" classname="junit5Basic.mathUtilTest$ServiceRequest" time="0.404"/>
  <testcase name="postDigitalbank_Customer_ServiceREQ" classname="junit5Basic.mathUtilTest$ServiceRequest" time="0.396"/>
  <testcase name="postDigitalbank_Admin_ServiceREQ" classname="junit5Basic.mathUtilTest$ServiceRequest" time="0.908"/>
  <testcase name="postDigitalbank_Admin_ServiceRequest_GETid_335" classname="junit5Basic.mathUtilTest$ServiceRequest" time="0.336"/>
  <testcase name="postDigitalbank_Customer_ServiceRequest_ServiceTypeDropdown" classname="junit5Basic.mathUtilTest$ServiceRequest" time="0.32"/>
  <testcase name="postDigitalbank_Admin_Role_GetID_10" classname="junit5Basic.mathUtilTest$Role" time="0.308"/>
  <testcase name="postDigitalbank_Admin_Role" classname="junit5Basic.mathUtilTest$Role" time="0.568"/>
  <testcase name="postDigitalbank_Admin_Role_SAVE" classname="junit5Basic.mathUtilTest$Role" time="0.376"/>
  <testcase name="postDigitalbank_Common_Notification_Review_11" classname="junit5Basic.mathUtilTest$Notification" time="0.46"/>
  <testcase name="postDigitalbank_Common_Notification" classname="junit5Basic.mathUtilTest$Notification" time="0.424"/>
  <testcase name="postDigitalbank_Admin_Invest_GETid_2494" classname="junit5Basic.mathUtilTest$Investment" time="0.308"/>
  <testcase name="postDigitalbank_Customer_Invest_GETid_2494" classname="junit5Basic.mathUtilTest$Investment" time="0.308"/>
  <testcase name="postDigitalbank_Customer_invest" classname="junit5Basic.mathUtilTest$Investment" time="0.838"/>
  <testcase name="postDigitalbank_Admin_invest" classname="junit5Basic.mathUtilTest$Investment" time="0.834"/>
  <testcase name="postDigitalbank_Customer_Invest_SAVE" classname="junit5Basic.mathUtilTest$Investment" time="0.316"/>
  <testcase name="postDigitalbank_Common_CurrencyDropDown" classname="junit5Basic.mathUtilTest$Common" time="0.58"/>
  <testcase name="postDigitalbank_Common_CountryDropDown" classname="junit5Basic.mathUtilTest$Common" time="0.588"/>
  <testcase name="postDigitalbank_customer_benef_GETid_269_THIS_SHOULD_PASS" classname="junit5Basic.mathUtilTest$beneficiary" time="0.392"/>
  <testcase name="postDigitalbank_Customer_benef_Authorise" classname="junit5Basic.mathUtilTest$beneficiary" time="0.388"/>
  <testcase name="postDigitalbank_customer_benef_GETid_269_THIS_MUST_FAIL" classname="junit5Basic.mathUtilTest$beneficiary" time="0.728">
    <failure type="org.opentest4j.AssertionFailedError:">org.opentest4j.AssertionFailedError: 
	at junit5Basic.mathUtilTest$beneficiary.postDigitalbank_customer_benef_GETid_269_THIS_MUST_FAIL(mathUtilTest.java:191)
</failure>
    <system-out><![CDATA[----------customer_benef_GETid_269_THIS_MUST_FAIL----------
running test for true 
i am in 0
running test for false 
i am in 1
LisenceNum :
device_type :mobile
Lisence-Key invalid
]]></system-out>
  </testcase>
  <testcase name="postDigitalbank_Customer_benef_CANCEL" classname="junit5Basic.mathUtilTest$beneficiary" time="0.412"/>
  <testcase name="postDigitalbank_customer_benef_SAVE" classname="junit5Basic.mathUtilTest$beneficiary" time="0.332"/>
  <testcase name="postDigitalbank_customer_benef_GetBankName_IBAN_BH40BBKU00200002064187" classname="junit5Basic.mathUtilTest$beneficiary" time="0.368"/>
  <testcase name="postDigitalbank_admin_benef" classname="junit5Basic.mathUtilTest$beneficiary" time="1.456"/>
  <testcase name="postDigitalbank_Customer_benef_BenefDropDown" classname="junit5Basic.mathUtilTest$beneficiary" time="1.144"/>
  <testcase name="postDigitalbank_customer_benef" classname="junit5Basic.mathUtilTest$beneficiary" time="0.568"/>
  <testcase name="postDigitalbank_Customer_benef_BenefTYPE" classname="junit5Basic.mathUtilTest$beneficiary" time="0.408"/>
  <testcase name="postDigitalbank_Admin_benef_GETid_269" classname="junit5Basic.mathUtilTest$beneficiary" time="0.38"/>
</testsuite>